<?xml version="1.0" encoding="UTF-8"?>
<testsuite xmlns:xsi="http://www.w3.org/2001/XMLSchema-instance" xsi:noNamespaceSchemaLocation="https://maven.apache.org/surefire/maven-surefire-plugin/xsd/surefire-test-report.xsd" name="com.cliniclab.PatientDatabaseTest" time="0.03" tests="2" errors="0" skipped="0" failures="0">
  <properties>
[...]
</properties>
  <testcase name="testGetNonExistentPatient" classname="com.cliniclab.PatientDatabaseTest" time="0.018"/>
  <testcase name="testAddAndGetPatient" classname="com.cliniclab.PatientDatabaseTest" time="0.003"/>
</testsuite>